[INFO] Scanning for projects...
[INFO] 
[INFO] --------------------< com.tripmind:travel-planner >---------------------
[INFO] Building TripMind AI Travel Planner 1.0.0
[INFO]   from pom.xml
[INFO] --------------------------------[ jar ]---------------------------------
[INFO] 
[INFO] >>> spring-boot:3.2.3:run (default-cli) > test-compile @ travel-planner >>>
[INFO] 
[INFO] --- resources:3.3.1:resources (default-resources) @ travel-planner ---
[INFO] Copying 1 resource from src\main\resources to target\classes
[INFO] Copying 0 resource from src\main\resources to target\classes
[INFO] 
[INFO] --- compiler:3.11.0:compile (default-compile) @ travel-planner ---
[INFO] Nothing to compile - all classes are up to date
[INFO] 
[INFO] --- resources:3.3.1:testResources (default-testResources) @ travel-planner ---
[INFO] Copying 1 resource from src\test\resources to target\test-classes
[INFO] 
[INFO] --- compiler:3.11.0:testCompile (default-testCompile) @ travel-planner ---
[INFO] Changes detected - recompiling the module! :source
[INFO] Compiling 2 source files with javac [debug release 17] to target\test-classes
[INFO] Annotation processing is enabled because one or more processors were found
  on the class path. A future release of javac may disable annotation processing
  unless at least one processor is specified by name (-processor), or a search
  path is specified (--processor-path, --processor-module-path), or annotation
  processing is enabled explicitly (-proc:only, -proc:full).
  Use -Xlint:-options to suppress this message.
  Use -proc:none to disable annotation processing.
[INFO] -------------------------------------------------------------
[ERROR] COMPILATION ERROR : 
[INFO] -------------------------------------------------------------
[ERROR] /E:/Startup/backend/src/test/java/com/tripmind/service/ConstraintDecisionEngineTest.java:[14,60] incompatible types: com.tripmind.service.ConstraintDecisionEngine.EngineResult cannot be converted to com.tripmind.service.ConstraintDecisionEngine.Decision
[ERROR] /E:/Startup/backend/src/test/java/com/tripmind/service/ConstraintDecisionEngineTest.java:[37,60] incompatible types: com.tripmind.service.ConstraintDecisionEngine.EngineResult cannot be converted to com.tripmind.service.ConstraintDecisionEngine.Decision
[INFO] 2 errors 
[INFO] -------------------------------------------------------------
[INFO] ------------------------------------------------------------------------
[INFO] BUILD FAILURE
[INFO] ------------------------------------------------------------------------
[INFO] Total time:  20.627 s
[INFO] Finished at: 2026-04-03T19:59:50+05:30
[INFO] ------------------------------------------------------------------------
[ERROR] Failed to execute goal org.apache.maven.plugins:maven-compiler-plugin:3.11.0:testCompile (default-testCompile) on project travel-planner: Compilation failure: Compilation failure: 
[ERROR] /E:/Startup/backend/src/test/java/com/tripmind/service/ConstraintDecisionEngineTest.java:[14,60] incompatible types: com.tripmind.service.ConstraintDecisionEngine.EngineResult cannot be converted to com.tripmind.service.ConstraintDecisionEngine.Decision
[ERROR] /E:/Startup/backend/src/test/java/com/tripmind/service/ConstraintDecisionEngineTest.java:[37,60] incompatible types: com.tripmind.service.ConstraintDecisionEngine.EngineResult cannot be converted to com.tripmind.service.ConstraintDecisionEngine.Decision
[ERROR] -> [Help 1]
[ERROR] 
[ERROR] To see the full stack trace of the errors, re-run Maven with the -e switch.
[ERROR] Re-run Maven using the -X switch to enable full debug logging.
[ERROR] 
[ERROR] For more information about the errors and possible solutions, please read the following articles:
[ERROR] [Help 1] http://cwiki.apache.org/confluence/display/MAVEN/MojoFailureException
